<?xml version="1.0" encoding="UTF-8"?>
<!-- Generated by org.testng.reporters.JUnitReportReporter -->
<testsuite name="com.qmetry.qaf.automation.step.client.Scenario" tests="1" time="260.783" ignored="0" failures="0" timestamp="12 Jan 2018 11:59:46 GMT" skipped="0" hostname="ICPL11467" errors="0">
  <testcase name="Orderflow" time="260.783" classname="com.qmetry.qaf.automation.step.client.Scenario"/>
</testsuite> <!-- com.qmetry.qaf.automation.step.client.Scenario -->
