<?xml version="1.0" encoding="UTF-8"?>
<!-- Generated by org.testng.reporters.JUnitReportReporter -->
<testsuite name="com.appiumshopclues.steps.ShopCluesTest" tests="1" time="53.208" ignored="0" failures="0" timestamp="24 Jan 2018 05:52:26 GMT" skipped="0" hostname="ICPL11467" errors="0">
  <testcase name="stepsFlow" time="53.208" classname="com.appiumshopclues.steps.ShopCluesTest"/>
</testsuite> <!-- com.appiumshopclues.steps.ShopCluesTest -->
