<?xml version="1.0" encoding="UTF-8"?>
<!-- Generated by org.testng.reporters.JUnitReportReporter -->
<testsuite name="com.qmetry.qaf.automation.step.client.DataDrivenScenario" tests="1" time="207.181" ignored="1" failures="0" timestamp="12 Jan 2018 11:54:52 GMT" skipped="0" hostname="ICPL11467" errors="0">
  <testcase name="shopcluessteps" time="207.181" classname="com.qmetry.qaf.automation.step.client.DataDrivenScenario"/>
  <testcase name="shopcluessteps" classname="com.qmetry.qaf.automation.step.client.DataDrivenScenario">
    <skipped/>
  </testcase> <!-- shopcluessteps -->
</testsuite> <!-- com.qmetry.qaf.automation.step.client.DataDrivenScenario -->
