<?xml version="1.0" encoding="UTF-8"?>
<!-- Generated by org.testng.reporters.JUnitReportReporter -->
<testsuite name="com.shopclues.steps.ShopCluesTest" tests="1" time="67.412" ignored="0" failures="0" timestamp="16 Jan 2018 07:15:47 GMT" skipped="0" hostname="ICPL11467" errors="0">
  <testcase name="stepsFlow" time="67.412" classname="com.shopclues.steps.ShopCluesTest"/>
</testsuite> <!-- com.shopclues.steps.ShopCluesTest -->
